{"E:\\program_projects\\alterna\\modulo_8_terraza\\backend\\src\\index.js": {"path":"E:\\program_projects\\alterna\\modulo_8_terraza\\backend\\src\\index.js","statementMap":{"0":{"start":{"line":4,"column":16},"end":{"line":4,"column":34}},"1":{"start":{"line":5,"column":13},"end":{"line":5,"column":28}},"2":{"start":{"line":6,"column":18},"end":{"line":6,"column":47}},"3":{"start":{"line":7,"column":11},"end":{"line":7,"column":24}},"4":{"start":{"line":8,"column":13},"end":{"line":8,"column":28}},"5":{"start":{"line":9,"column":17},"end":{"line":9,"column":36}},"6":{"start":{"line":11,"column":12},"end":{"line":11,"column":21}},"7":{"start":{"line":12,"column":0},"end":{"line":12,"column":16}},"8":{"start":{"line":13,"column":0},"end":{"line":13,"column":24}},"9":{"start":{"line":16,"column":20},"end":{"line":16,"column":137}},"10":{"start":{"line":17,"column":0},"end":{"line":19,"column":65}},"11":{"start":{"line":18,"column":14},"end":{"line":18,"column":55}},"12":{"start":{"line":19,"column":16},"end":{"line":19,"column":63}},"13":{"start":{"line":22,"column":16},"end":{"line":22,"column":83}},"14":{"start":{"line":23,"column":0},"end":{"line":23,"column":64}},"15":{"start":{"line":26,"column":0},"end":{"line":26,"column":58}},"16":{"start":{"line":26,"column":37},"end":{"line":26,"column":56}},"17":{"start":{"line":31,"column":37},"end":{"line":31,"column":56}},"18":{"start":{"line":34,"column":0},"end":{"line":65,"column":3}},"19":{"start":{"line":35,"column":2},"end":{"line":64,"column":3}},"20":{"start":{"line":36,"column":17},"end":{"line":36,"column":86}},"21":{"start":{"line":38,"column":4},"end":{"line":38,"column":30}},"22":{"start":{"line":39,"column":4},"end":{"line":39,"column":31}},"23":{"start":{"line":40,"column":4},"end":{"line":40,"column":37}},"24":{"start":{"line":43,"column":21},"end":{"line":47,"column":7}},"25":{"start":{"line":43,"column":45},"end":{"line":47,"column":5}},"26":{"start":{"line":48,"column":4},"end":{"line":48,"column":36}},"27":{"start":{"line":51,"column":22},"end":{"line":58,"column":5}},"28":{"start":{"line":52,"column":6},"end":{"line":57,"column":9}},"29":{"start":{"line":52,"column":32},"end":{"line":57,"column":7}},"30":{"start":{"line":59,"column":4},"end":{"line":59,"column":38}},"31":{"start":{"line":61,"column":4},"end":{"line":61,"column":59}},"32":{"start":{"line":63,"column":4},"end":{"line":63,"column":71}},"33":{"start":{"line":71,"column":0},"end":{"line":78,"column":3}},"34":{"start":{"line":72,"column":2},"end":{"line":77,"column":3}},"35":{"start":{"line":73,"column":18},"end":{"line":73,"column":57}},"36":{"start":{"line":74,"column":4},"end":{"line":74,"column":20}},"37":{"start":{"line":76,"column":4},"end":{"line":76,"column":83}},"38":{"start":{"line":82,"column":0},"end":{"line":110,"column":3}},"39":{"start":{"line":83,"column":21},"end":{"line":83,"column":31}},"40":{"start":{"line":84,"column":29},"end":{"line":84,"column":37}},"41":{"start":{"line":85,"column":2},"end":{"line":109,"column":3}},"42":{"start":{"line":86,"column":17},"end":{"line":86,"column":51}},"43":{"start":{"line":87,"column":4},"end":{"line":87,"column":72}},"44":{"start":{"line":87,"column":15},"end":{"line":87,"column":72}},"45":{"start":{"line":88,"column":25},"end":{"line":88,"column":53}},"46":{"start":{"line":89,"column":4},"end":{"line":91,"column":5}},"47":{"start":{"line":90,"column":6},"end":{"line":90,"column":73}},"48":{"start":{"line":92,"column":4},"end":{"line":94,"column":5}},"49":{"start":{"line":93,"column":6},"end":{"line":93,"column":62}},"50":{"start":{"line":96,"column":4},"end":{"line":98,"column":5}},"51":{"start":{"line":97,"column":6},"end":{"line":97,"column":77}},"52":{"start":{"line":99,"column":21},"end":{"line":104,"column":6}},"53":{"start":{"line":105,"column":4},"end":{"line":105,"column":26}},"54":{"start":{"line":106,"column":4},"end":{"line":106,"column":35}},"55":{"start":{"line":108,"column":4},"end":{"line":108,"column":81}},"56":{"start":{"line":114,"column":0},"end":{"line":124,"column":3}},"57":{"start":{"line":115,"column":21},"end":{"line":115,"column":30}},"58":{"start":{"line":116,"column":2},"end":{"line":123,"column":3}},"59":{"start":{"line":117,"column":16},"end":{"line":117,"column":18}},"60":{"start":{"line":118,"column":4},"end":{"line":118,"column":38}},"61":{"start":{"line":118,"column":16},"end":{"line":118,"column":38}},"62":{"start":{"line":119,"column":19},"end":{"line":119,"column":62}},"63":{"start":{"line":120,"column":4},"end":{"line":120,"column":21}},"64":{"start":{"line":122,"column":4},"end":{"line":122,"column":84}},"65":{"start":{"line":128,"column":17},"end":{"line":128,"column":72}},"66":{"start":{"line":128,"column":48},"end":{"line":128,"column":71}},"67":{"start":{"line":129,"column":2},"end":{"line":131,"column":3}},"68":{"start":{"line":130,"column":4},"end":{"line":130,"column":51}},"69":{"start":{"line":130,"column":33},"end":{"line":130,"column":51}},"70":{"start":{"line":132,"column":2},"end":{"line":132,"column":14}},"71":{"start":{"line":137,"column":17},"end":{"line":137,"column":31}},"72":{"start":{"line":138,"column":15},"end":{"line":138,"column":54}},"73":{"start":{"line":139,"column":17},"end":{"line":139,"column":31}},"74":{"start":{"line":140,"column":15},"end":{"line":140,"column":54}},"75":{"start":{"line":141,"column":2},"end":{"line":141,"column":42}},"76":{"start":{"line":145,"column":17},"end":{"line":145,"column":44}},"77":{"start":{"line":146,"column":15},"end":{"line":146,"column":41}},"78":{"start":{"line":147,"column":2},"end":{"line":147,"column":44}},"79":{"start":{"line":148,"column":2},"end":{"line":148,"column":107}},"80":{"start":{"line":153,"column":0},"end":{"line":203,"column":3}},"81":{"start":{"line":154,"column":80},"end":{"line":154,"column":88}},"82":{"start":{"line":155,"column":2},"end":{"line":157,"column":3}},"83":{"start":{"line":156,"column":4},"end":{"line":156,"column":70}},"84":{"start":{"line":159,"column":14},"end":{"line":159,"column":24}},"85":{"start":{"line":160,"column":18},"end":{"line":160,"column":50}},"86":{"start":{"line":161,"column":2},"end":{"line":163,"column":3}},"87":{"start":{"line":162,"column":4},"end":{"line":162,"column":73}},"88":{"start":{"line":164,"column":2},"end":{"line":202,"column":3}},"89":{"start":{"line":166,"column":15},"end":{"line":166,"column":82}},"90":{"start":{"line":167,"column":4},"end":{"line":169,"column":5}},"91":{"start":{"line":168,"column":6},"end":{"line":168,"column":63}},"92":{"start":{"line":170,"column":25},"end":{"line":170,"column":58}},"93":{"start":{"line":171,"column":23},"end":{"line":171,"column":27}},"94":{"start":{"line":172,"column":27},"end":{"line":172,"column":31}},"95":{"start":{"line":173,"column":4},"end":{"line":181,"column":5}},"96":{"start":{"line":174,"column":21},"end":{"line":174,"column":55}},"97":{"start":{"line":175,"column":18},"end":{"line":175,"column":53}},"98":{"start":{"line":176,"column":6},"end":{"line":180,"column":7}},"99":{"start":{"line":177,"column":8},"end":{"line":177,"column":25}},"100":{"start":{"line":178,"column":8},"end":{"line":178,"column":31}},"101":{"start":{"line":179,"column":8},"end":{"line":179,"column":14}},"102":{"start":{"line":182,"column":4},"end":{"line":184,"column":5}},"103":{"start":{"line":183,"column":6},"end":{"line":183,"column":76}},"104":{"start":{"line":186,"column":19},"end":{"line":197,"column":6}},"105":{"start":{"line":198,"column":4},"end":{"line":198,"column":24}},"106":{"start":{"line":199,"column":4},"end":{"line":199,"column":33}},"107":{"start":{"line":201,"column":4},"end":{"line":201,"column":90}},"108":{"start":{"line":207,"column":0},"end":{"line":218,"column":3}},"109":{"start":{"line":208,"column":27},"end":{"line":208,"column":36}},"110":{"start":{"line":209,"column":2},"end":{"line":217,"column":3}},"111":{"start":{"line":210,"column":16},"end":{"line":210,"column":18}},"112":{"start":{"line":211,"column":4},"end":{"line":211,"column":32}},"113":{"start":{"line":211,"column":14},"end":{"line":211,"column":32}},"114":{"start":{"line":212,"column":4},"end":{"line":212,"column":38}},"115":{"start":{"line":212,"column":16},"end":{"line":212,"column":38}},"116":{"start":{"line":213,"column":20},"end":{"line":213,"column":69}},"117":{"start":{"line":214,"column":4},"end":{"line":214,"column":22}},"118":{"start":{"line":216,"column":4},"end":{"line":216,"column":90}},"119":{"start":{"line":222,"column":0},"end":{"line":278,"column":3}},"120":{"start":{"line":223,"column":17},"end":{"line":223,"column":27}},"121":{"start":{"line":224,"column":21},"end":{"line":224,"column":29}},"122":{"start":{"line":225,"column":16},"end":{"line":225,"column":53}},"123":{"start":{"line":226,"column":2},"end":{"line":228,"column":3}},"124":{"start":{"line":227,"column":4},"end":{"line":227,"column":61}},"125":{"start":{"line":229,"column":2},"end":{"line":277,"column":3}},"126":{"start":{"line":230,"column":17},"end":{"line":230,"column":50}},"127":{"start":{"line":231,"column":4},"end":{"line":231,"column":79}},"128":{"start":{"line":231,"column":15},"end":{"line":231,"column":79}},"129":{"start":{"line":232,"column":4},"end":{"line":234,"column":5}},"130":{"start":{"line":233,"column":6},"end":{"line":233,"column":87}},"131":{"start":{"line":236,"column":4},"end":{"line":271,"column":5}},"132":{"start":{"line":237,"column":21},"end":{"line":237,"column":98}},"133":{"start":{"line":238,"column":21},"end":{"line":238,"column":25}},"134":{"start":{"line":239,"column":6},"end":{"line":266,"column":7}},"135":{"start":{"line":240,"column":25},"end":{"line":261,"column":10}},"136":{"start":{"line":247,"column":31},"end":{"line":247,"column":58}},"137":{"start":{"line":248,"column":29},"end":{"line":248,"column":55}},"138":{"start":{"line":249,"column":16},"end":{"line":249,"column":58}},"139":{"start":{"line":250,"column":16},"end":{"line":250,"column":121}},"140":{"start":{"line":252,"column":29},"end":{"line":252,"column":35}},"141":{"start":{"line":253,"column":27},"end":{"line":253,"column":62}},"142":{"start":{"line":254,"column":29},"end":{"line":254,"column":35}},"143":{"start":{"line":255,"column":27},"end":{"line":255,"column":62}},"144":{"start":{"line":256,"column":14},"end":{"line":256,"column":54}},"145":{"start":{"line":262,"column":8},"end":{"line":265,"column":9}},"146":{"start":{"line":263,"column":10},"end":{"line":263,"column":23}},"147":{"start":{"line":264,"column":10},"end":{"line":264,"column":16}},"148":{"start":{"line":267,"column":6},"end":{"line":269,"column":7}},"149":{"start":{"line":268,"column":8},"end":{"line":268,"column":90}},"150":{"start":{"line":270,"column":6},"end":{"line":270,"column":33}},"151":{"start":{"line":272,"column":4},"end":{"line":272,"column":25}},"152":{"start":{"line":273,"column":4},"end":{"line":273,"column":22}},"153":{"start":{"line":274,"column":4},"end":{"line":274,"column":19}},"154":{"start":{"line":276,"column":4},"end":{"line":276,"column":97}},"155":{"start":{"line":282,"column":0},"end":{"line":336,"column":3}},"156":{"start":{"line":283,"column":57},"end":{"line":283,"column":66}},"157":{"start":{"line":284,"column":2},"end":{"line":286,"column":3}},"158":{"start":{"line":285,"column":4},"end":{"line":285,"column":74}},"159":{"start":{"line":287,"column":15},"end":{"line":287,"column":38}},"160":{"start":{"line":288,"column":2},"end":{"line":335,"column":3}},"161":{"start":{"line":289,"column":16},"end":{"line":289,"column":33}},"162":{"start":{"line":290,"column":4},"end":{"line":295,"column":5}},"163":{"start":{"line":291,"column":6},"end":{"line":291,"column":85}},"164":{"start":{"line":291,"column":32},"end":{"line":291,"column":83}},"165":{"start":{"line":292,"column":6},"end":{"line":294,"column":7}},"166":{"start":{"line":293,"column":8},"end":{"line":293,"column":65}},"167":{"start":{"line":296,"column":16},"end":{"line":296,"column":20}},"168":{"start":{"line":297,"column":4},"end":{"line":328,"column":5}},"169":{"start":{"line":298,"column":21},"end":{"line":298,"column":84}},"170":{"start":{"line":299,"column":6},"end":{"line":326,"column":7}},"171":{"start":{"line":300,"column":25},"end":{"line":321,"column":10}},"172":{"start":{"line":307,"column":31},"end":{"line":307,"column":58}},"173":{"start":{"line":308,"column":29},"end":{"line":308,"column":55}},"174":{"start":{"line":309,"column":16},"end":{"line":309,"column":58}},"175":{"start":{"line":310,"column":16},"end":{"line":310,"column":121}},"176":{"start":{"line":312,"column":29},"end":{"line":312,"column":35}},"177":{"start":{"line":313,"column":27},"end":{"line":313,"column":62}},"178":{"start":{"line":314,"column":29},"end":{"line":314,"column":35}},"179":{"start":{"line":315,"column":27},"end":{"line":315,"column":62}},"180":{"start":{"line":316,"column":14},"end":{"line":316,"column":54}},"181":{"start":{"line":322,"column":8},"end":{"line":325,"column":9}},"182":{"start":{"line":323,"column":10},"end":{"line":323,"column":48}},"183":{"start":{"line":324,"column":10},"end":{"line":324,"column":16}},"184":{"start":{"line":327,"column":6},"end":{"line":327,"column":23}},"185":{"start":{"line":327,"column":17},"end":{"line":327,"column":23}},"186":{"start":{"line":329,"column":4},"end":{"line":331,"column":5}},"187":{"start":{"line":330,"column":6},"end":{"line":330,"column":76}},"188":{"start":{"line":332,"column":4},"end":{"line":332,"column":20}},"189":{"start":{"line":334,"column":4},"end":{"line":334,"column":90}},"190":{"start":{"line":338,"column":13},"end":{"line":338,"column":37}},"191":{"start":{"line":339,"column":0},"end":{"line":341,"column":3}},"192":{"start":{"line":340,"column":2},"end":{"line":340,"column":45}}},"fnMap":{"0":{"name":"(anonymous_0)","decl":{"start":{"line":18,"column":8},"end":{"line":18,"column":9}},"loc":{"start":{"line":18,"column":14},"end":{"line":18,"column":55}},"line":18},"1":{"name":"(anonymous_1)","decl":{"start":{"line":19,"column":9},"end":{"line":19,"column":10}},"loc":{"start":{"line":19,"column":16},"end":{"line":19,"column":63}},"line":19},"2":{"name":"(anonymous_2)","decl":{"start":{"line":26,"column":23},"end":{"line":26,"column":24}},"loc":{"start":{"line":26,"column":37},"end":{"line":26,"column":56}},"line":26},"3":{"name":"(anonymous_3)","decl":{"start":{"line":34,"column":22},"end":{"line":34,"column":23}},"loc":{"start":{"line":34,"column":42},"end":{"line":65,"column":1}},"line":34},"4":{"name":"(anonymous_4)","decl":{"start":{"line":43,"column":36},"end":{"line":43,"column":37}},"loc":{"start":{"line":43,"column":45},"end":{"line":47,"column":5}},"line":43},"5":{"name":"(anonymous_5)","decl":{"start":{"line":51,"column":41},"end":{"line":51,"column":42}},"loc":{"start":{"line":52,"column":6},"end":{"line":57,"column":9}},"line":52},"6":{"name":"(anonymous_6)","decl":{"start":{"line":52,"column":22},"end":{"line":52,"column":23}},"loc":{"start":{"line":52,"column":32},"end":{"line":57,"column":7}},"line":52},"7":{"name":"(anonymous_7)","decl":{"start":{"line":71,"column":22},"end":{"line":71,"column":23}},"loc":{"start":{"line":71,"column":42},"end":{"line":78,"column":1}},"line":71},"8":{"name":"(anonymous_8)","decl":{"start":{"line":82,"column":38},"end":{"line":82,"column":39}},"loc":{"start":{"line":82,"column":58},"end":{"line":110,"column":1}},"line":82},"9":{"name":"(anonymous_9)","decl":{"start":{"line":114,"column":23},"end":{"line":114,"column":24}},"loc":{"start":{"line":114,"column":43},"end":{"line":124,"column":1}},"line":114},"10":{"name":"getTableCapacity","decl":{"start":{"line":127,"column":9},"end":{"line":127,"column":25}},"loc":{"start":{"line":127,"column":49},"end":{"line":133,"column":1}},"line":127},"11":{"name":"(anonymous_11)","decl":{"start":{"line":128,"column":38},"end":{"line":128,"column":39}},"loc":{"start":{"line":128,"column":48},"end":{"line":128,"column":71}},"line":128},"12":{"name":"isOverlapping","decl":{"start":{"line":136,"column":9},"end":{"line":136,"column":22}},"loc":{"start":{"line":136,"column":35},"end":{"line":142,"column":1}},"line":136},"13":{"name":"addMinutes","decl":{"start":{"line":144,"column":9},"end":{"line":144,"column":19}},"loc":{"start":{"line":144,"column":32},"end":{"line":149,"column":1}},"line":144},"14":{"name":"(anonymous_14)","decl":{"start":{"line":153,"column":30},"end":{"line":153,"column":31}},"loc":{"start":{"line":153,"column":50},"end":{"line":203,"column":1}},"line":153},"15":{"name":"(anonymous_15)","decl":{"start":{"line":207,"column":29},"end":{"line":207,"column":30}},"loc":{"start":{"line":207,"column":49},"end":{"line":218,"column":1}},"line":207},"16":{"name":"(anonymous_16)","decl":{"start":{"line":222,"column":42},"end":{"line":222,"column":43}},"loc":{"start":{"line":222,"column":62},"end":{"line":278,"column":1}},"line":222},"17":{"name":"(anonymous_17)","decl":{"start":{"line":245,"column":18},"end":{"line":245,"column":19}},"loc":{"start":{"line":245,"column":65},"end":{"line":257,"column":13}},"line":245},"18":{"name":"addMinutes","decl":{"start":{"line":246,"column":23},"end":{"line":246,"column":33}},"loc":{"start":{"line":246,"column":46},"end":{"line":251,"column":15}},"line":246},"19":{"name":"(anonymous_19)","decl":{"start":{"line":282,"column":29},"end":{"line":282,"column":30}},"loc":{"start":{"line":282,"column":49},"end":{"line":336,"column":1}},"line":282},"20":{"name":"(anonymous_20)","decl":{"start":{"line":291,"column":27},"end":{"line":291,"column":28}},"loc":{"start":{"line":291,"column":32},"end":{"line":291,"column":83}},"line":291},"21":{"name":"(anonymous_21)","decl":{"start":{"line":305,"column":18},"end":{"line":305,"column":19}},"loc":{"start":{"line":305,"column":65},"end":{"line":317,"column":13}},"line":305},"22":{"name":"addMinutes","decl":{"start":{"line":306,"column":23},"end":{"line":306,"column":33}},"loc":{"start":{"line":306,"column":46},"end":{"line":311,"column":15}},"line":306},"23":{"name":"(anonymous_23)","decl":{"start":{"line":339,"column":17},"end":{"line":339,"column":18}},"loc":{"start":{"line":339,"column":23},"end":{"line":341,"column":1}},"line":339}},"branchMap":{"0":{"loc":{"start":{"line":16,"column":20},"end":{"line":16,"column":137}},"type":"binary-expr","locations":[{"start":{"line":16,"column":20},"end":{"line":16,"column":43}},{"start":{"line":16,"column":47},"end":{"line":16,"column":137}}],"line":16},"1":{"loc":{"start":{"line":87,"column":4},"end":{"line":87,"column":72}},"type":"if","locations":[{"start":{"line":87,"column":4},"end":{"line":87,"column":72}},{"start":{},"end":{}}],"line":87},"2":{"loc":{"start":{"line":89,"column":4},"end":{"line":91,"column":5}},"type":"if","locations":[{"start":{"line":89,"column":4},"end":{"line":91,"column":5}},{"start":{},"end":{}}],"line":89},"3":{"loc":{"start":{"line":92,"column":4},"end":{"line":94,"column":5}},"type":"if","locations":[{"start":{"line":92,"column":4},"end":{"line":94,"column":5}},{"start":{},"end":{}}],"line":92},"4":{"loc":{"start":{"line":92,"column":8},"end":{"line":92,"column":58}},"type":"binary-expr","locations":[{"start":{"line":92,"column":8},"end":{"line":92,"column":13}},{"start":{"line":92,"column":17},"end":{"line":92,"column":26}},{"start":{"line":92,"column":30},"end":{"line":92,"column":58}}],"line":92},"5":{"loc":{"start":{"line":96,"column":4},"end":{"line":98,"column":5}},"type":"if","locations":[{"start":{"line":96,"column":4},"end":{"line":98,"column":5}},{"start":{},"end":{}}],"line":96},"6":{"loc":{"start":{"line":96,"column":8},"end":{"line":96,"column":52}},"type":"binary-expr","locations":[{"start":{"line":96,"column":8},"end":{"line":96,"column":24}},{"start":{"line":96,"column":28},"end":{"line":96,"column":52}}],"line":96},"7":{"loc":{"start":{"line":118,"column":4},"end":{"line":118,"column":38}},"type":"if","locations":[{"start":{"line":118,"column":4},"end":{"line":118,"column":38}},{"start":{},"end":{}}],"line":118},"8":{"loc":{"start":{"line":130,"column":4},"end":{"line":130,"column":51}},"type":"if","locations":[{"start":{"line":130,"column":4},"end":{"line":130,"column":51}},{"start":{},"end":{}}],"line":130},"9":{"loc":{"start":{"line":138,"column":34},"end":{"line":138,"column":53}},"type":"binary-expr","locations":[{"start":{"line":138,"column":34},"end":{"line":138,"column":47}},{"start":{"line":138,"column":51},"end":{"line":138,"column":53}}],"line":138},"10":{"loc":{"start":{"line":140,"column":34},"end":{"line":140,"column":53}},"type":"binary-expr","locations":[{"start":{"line":140,"column":34},"end":{"line":140,"column":47}},{"start":{"line":140,"column":51},"end":{"line":140,"column":53}}],"line":140},"11":{"loc":{"start":{"line":141,"column":10},"end":{"line":141,"column":40}},"type":"binary-expr","locations":[{"start":{"line":141,"column":10},"end":{"line":141,"column":23}},{"start":{"line":141,"column":27},"end":{"line":141,"column":40}}],"line":141},"12":{"loc":{"start":{"line":155,"column":2},"end":{"line":157,"column":3}},"type":"if","locations":[{"start":{"line":155,"column":2},"end":{"line":157,"column":3}},{"start":{},"end":{}}],"line":155},"13":{"loc":{"start":{"line":155,"column":6},"end":{"line":155,"column":48}},"type":"binary-expr","locations":[{"start":{"line":155,"column":6},"end":{"line":155,"column":11}},{"start":{"line":155,"column":15},"end":{"line":155,"column":20}},{"start":{"line":155,"column":24},"end":{"line":155,"column":34}},{"start":{"line":155,"column":38},"end":{"line":155,"column":48}}],"line":155},"14":{"loc":{"start":{"line":161,"column":2},"end":{"line":163,"column":3}},"type":"if","locations":[{"start":{"line":161,"column":2},"end":{"line":163,"column":3}},{"start":{},"end":{}}],"line":161},"15":{"loc":{"start":{"line":166,"column":41},"end":{"line":166,"column":64}},"type":"binary-expr","locations":[{"start":{"line":166,"column":41},"end":{"line":166,"column":55}},{"start":{"line":166,"column":59},"end":{"line":166,"column":64}}],"line":166},"16":{"loc":{"start":{"line":167,"column":4},"end":{"line":169,"column":5}},"type":"if","locations":[{"start":{"line":167,"column":4},"end":{"line":169,"column":5}},{"start":{},"end":{}}],"line":167},"17":{"loc":{"start":{"line":167,"column":8},"end":{"line":167,"column":59}},"type":"binary-expr","locations":[{"start":{"line":167,"column":8},"end":{"line":167,"column":13}},{"start":{"line":167,"column":17},"end":{"line":167,"column":31}},{"start":{"line":167,"column":35},"end":{"line":167,"column":59}}],"line":167},"18":{"loc":{"start":{"line":170,"column":25},"end":{"line":170,"column":58}},"type":"cond-expr","locations":[{"start":{"line":170,"column":32},"end":{"line":170,"column":38}},{"start":{"line":170,"column":41},"end":{"line":170,"column":58}}],"line":170},"19":{"loc":{"start":{"line":176,"column":6},"end":{"line":180,"column":7}},"type":"if","locations":[{"start":{"line":176,"column":6},"end":{"line":180,"column":7}},{"start":{},"end":{}}],"line":176},"20":{"loc":{"start":{"line":182,"column":4},"end":{"line":184,"column":5}},"type":"if","locations":[{"start":{"line":182,"column":4},"end":{"line":184,"column":5}},{"start":{},"end":{}}],"line":182},"21":{"loc":{"start":{"line":191,"column":16},"end":{"line":191,"column":30}},"type":"binary-expr","locations":[{"start":{"line":191,"column":16},"end":{"line":191,"column":24}},{"start":{"line":191,"column":28},"end":{"line":191,"column":30}}],"line":191},"22":{"loc":{"start":{"line":196,"column":13},"end":{"line":196,"column":24}},"type":"binary-expr","locations":[{"start":{"line":196,"column":13},"end":{"line":196,"column":18}},{"start":{"line":196,"column":22},"end":{"line":196,"column":24}}],"line":196},"23":{"loc":{"start":{"line":211,"column":4},"end":{"line":211,"column":32}},"type":"if","locations":[{"start":{"line":211,"column":4},"end":{"line":211,"column":32}},{"start":{},"end":{}}],"line":211},"24":{"loc":{"start":{"line":212,"column":4},"end":{"line":212,"column":38}},"type":"if","locations":[{"start":{"line":212,"column":4},"end":{"line":212,"column":38}},{"start":{},"end":{}}],"line":212},"25":{"loc":{"start":{"line":226,"column":2},"end":{"line":228,"column":3}},"type":"if","locations":[{"start":{"line":226,"column":2},"end":{"line":228,"column":3}},{"start":{},"end":{}}],"line":226},"26":{"loc":{"start":{"line":231,"column":4},"end":{"line":231,"column":79}},"type":"if","locations":[{"start":{"line":231,"column":4},"end":{"line":231,"column":79}},{"start":{},"end":{}}],"line":231},"27":{"loc":{"start":{"line":232,"column":4},"end":{"line":234,"column":5}},"type":"if","locations":[{"start":{"line":232,"column":4},"end":{"line":234,"column":5}},{"start":{},"end":{}}],"line":232},"28":{"loc":{"start":{"line":236,"column":4},"end":{"line":271,"column":5}},"type":"if","locations":[{"start":{"line":236,"column":4},"end":{"line":271,"column":5}},{"start":{},"end":{}}],"line":236},"29":{"loc":{"start":{"line":253,"column":46},"end":{"line":253,"column":61}},"type":"binary-expr","locations":[{"start":{"line":253,"column":46},"end":{"line":253,"column":55}},{"start":{"line":253,"column":59},"end":{"line":253,"column":61}}],"line":253},"30":{"loc":{"start":{"line":255,"column":46},"end":{"line":255,"column":61}},"type":"binary-expr","locations":[{"start":{"line":255,"column":46},"end":{"line":255,"column":55}},{"start":{"line":255,"column":59},"end":{"line":255,"column":61}}],"line":255},"31":{"loc":{"start":{"line":256,"column":22},"end":{"line":256,"column":52}},"type":"binary-expr","locations":[{"start":{"line":256,"column":22},"end":{"line":256,"column":35}},{"start":{"line":256,"column":39},"end":{"line":256,"column":52}}],"line":256},"32":{"loc":{"start":{"line":258,"column":62},"end":{"line":258,"column":81}},"type":"binary-expr","locations":[{"start":{"line":258,"column":62},"end":{"line":258,"column":75}},{"start":{"line":258,"column":79},"end":{"line":258,"column":81}}],"line":258},"33":{"loc":{"start":{"line":262,"column":8},"end":{"line":265,"column":9}},"type":"if","locations":[{"start":{"line":262,"column":8},"end":{"line":265,"column":9}},{"start":{},"end":{}}],"line":262},"34":{"loc":{"start":{"line":267,"column":6},"end":{"line":269,"column":7}},"type":"if","locations":[{"start":{"line":267,"column":6},"end":{"line":269,"column":7}},{"start":{},"end":{}}],"line":267},"35":{"loc":{"start":{"line":284,"column":2},"end":{"line":286,"column":3}},"type":"if","locations":[{"start":{"line":284,"column":2},"end":{"line":286,"column":3}},{"start":{},"end":{}}],"line":284},"36":{"loc":{"start":{"line":284,"column":6},"end":{"line":284,"column":39}},"type":"binary-expr","locations":[{"start":{"line":284,"column":6},"end":{"line":284,"column":11}},{"start":{"line":284,"column":15},"end":{"line":284,"column":25}},{"start":{"line":284,"column":29},"end":{"line":284,"column":39}}],"line":284},"37":{"loc":{"start":{"line":290,"column":4},"end":{"line":295,"column":5}},"type":"if","locations":[{"start":{"line":290,"column":4},"end":{"line":295,"column":5}},{"start":{},"end":{}}],"line":290},"38":{"loc":{"start":{"line":290,"column":8},"end":{"line":290,"column":50}},"type":"binary-expr","locations":[{"start":{"line":290,"column":8},"end":{"line":290,"column":22}},{"start":{"line":290,"column":26},"end":{"line":290,"column":50}}],"line":290},"39":{"loc":{"start":{"line":292,"column":6},"end":{"line":294,"column":7}},"type":"if","locations":[{"start":{"line":292,"column":6},"end":{"line":294,"column":7}},{"start":{},"end":{}}],"line":292},"40":{"loc":{"start":{"line":313,"column":46},"end":{"line":313,"column":61}},"type":"binary-expr","locations":[{"start":{"line":313,"column":46},"end":{"line":313,"column":55}},{"start":{"line":313,"column":59},"end":{"line":313,"column":61}}],"line":313},"41":{"loc":{"start":{"line":315,"column":46},"end":{"line":315,"column":61}},"type":"binary-expr","locations":[{"start":{"line":315,"column":46},"end":{"line":315,"column":55}},{"start":{"line":315,"column":59},"end":{"line":315,"column":61}}],"line":315},"42":{"loc":{"start":{"line":316,"column":22},"end":{"line":316,"column":52}},"type":"binary-expr","locations":[{"start":{"line":316,"column":22},"end":{"line":316,"column":35}},{"start":{"line":316,"column":39},"end":{"line":316,"column":52}}],"line":316},"43":{"loc":{"start":{"line":322,"column":8},"end":{"line":325,"column":9}},"type":"if","locations":[{"start":{"line":322,"column":8},"end":{"line":325,"column":9}},{"start":{},"end":{}}],"line":322},"44":{"loc":{"start":{"line":327,"column":6},"end":{"line":327,"column":23}},"type":"if","locations":[{"start":{"line":327,"column":6},"end":{"line":327,"column":23}},{"start":{},"end":{}}],"line":327},"45":{"loc":{"start":{"line":329,"column":4},"end":{"line":331,"column":5}},"type":"if","locations":[{"start":{"line":329,"column":4},"end":{"line":331,"column":5}},{"start":{},"end":{}}],"line":329},"46":{"loc":{"start":{"line":338,"column":13},"end":{"line":338,"column":37}},"type":"binary-expr","locations":[{"start":{"line":338,"column":13},"end":{"line":338,"column":29}},{"start":{"line":338,"column":33},"end":{"line":338,"column":37}}],"line":338}},"s":{"0":0,"1":0,"2":0,"3":0,"4":0,"5":0,"6":0,"7":0,"8":0,"9":0,"10":0,"11":0,"12":0,"13":0,"14":0,"15":0,"16":0,"17":0,"18":0,"19":0,"20":0,"21":0,"22":0,"23":0,"24":0,"25":0,"26":0,"27":0,"28":0,"29":0,"30":0,"31":0,"32":0,"33":0,"34":0,"35":0,"36":0,"37":0,"38":0,"39":0,"40":0,"41":0,"42":0,"43":0,"44":0,"45":0,"46":0,"47":0,"48":0,"49":0,"50":0,"51":0,"52":0,"53":0,"54":0,"55":0,"56":0,"57":0,"58":0,"59":0,"60":0,"61":0,"62":0,"63":0,"64":0,"65":0,"66":0,"67":0,"68":0,"69":0,"70":0,"71":0,"72":0,"73":0,"74":0,"75":0,"76":0,"77":0,"78":0,"79":0,"80":0,"81":0,"82":0,"83":0,"84":0,"85":0,"86":0,"87":0,"88":0,"89":0,"90":0,"91":0,"92":0,"93":0,"94":0,"95":0,"96":0,"97":0,"98":0,"99":0,"100":0,"101":0,"102":0,"103":0,"104":0,"105":0,"106":0,"107":0,"108":0,"109":0,"110":0,"111":0,"112":0,"113":0,"114":0,"115":0,"116":0,"117":0,"118":0,"119":0,"120":0,"121":0,"122":0,"123":0,"124":0,"125":0,"126":0,"127":0,"128":0,"129":0,"130":0,"131":0,"132":0,"133":0,"134":0,"135":0,"136":0,"137":0,"138":0,"139":0,"140":0,"141":0,"142":0,"143":0,"144":0,"145":0,"146":0,"147":0,"148":0,"149":0,"150":0,"151":0,"152":0,"153":0,"154":0,"155":0,"156":0,"157":0,"158":0,"159":0,"160":0,"161":0,"162":0,"163":0,"164":0,"165":0,"166":0,"167":0,"168":0,"169":0,"170":0,"171":0,"172":0,"173":0,"174":0,"175":0,"176":0,"177":0,"178":0,"179":0,"180":0,"181":0,"182":0,"183":0,"184":0,"185":0,"186":0,"187":0,"188":0,"189":0,"190":0,"191":0,"192":0},"f":{"0":0,"1":0,"2":0,"3":0,"4":0,"5":0,"6":0,"7":0,"8":0,"9":0,"10":0,"11":0,"12":0,"13":0,"14":0,"15":0,"16":0,"17":0,"18":0,"19":0,"20":0,"21":0,"22":0,"23":0},"b":{"0":[0,0],"1":[0,0],"2":[0,0],"3":[0,0],"4":[0,0,0],"5":[0,0],"6":[0,0],"7":[0,0],"8":[0,0],"9":[0,0],"10":[0,0],"11":[0,0],"12":[0,0],"13":[0,0,0,0],"14":[0,0],"15":[0,0],"16":[0,0],"17":[0,0,0],"18":[0,0],"19":[0,0],"20":[0,0],"21":[0,0],"22":[0,0],"23":[0,0],"24":[0,0],"25":[0,0],"26":[0,0],"27":[0,0],"28":[0,0],"29":[0,0],"30":[0,0],"31":[0,0],"32":[0,0],"33":[0,0],"34":[0,0],"35":[0,0],"36":[0,0,0],"37":[0,0],"38":[0,0],"39":[0,0],"40":[0,0],"41":[0,0],"42":[0,0],"43":[0,0],"44":[0,0],"45":[0,0],"46":[0,0]}}
,"E:\\program_projects\\alterna\\modulo_8_terraza\\backend\\src\\models.js": {"path":"E:\\program_projects\\alterna\\modulo_8_terraza\\backend\\src\\models.js","statementMap":{"0":{"start":{"line":1,"column":17},"end":{"line":1,"column":36}},"1":{"start":{"line":3,"column":19},"end":{"line":7,"column":2}},"2":{"start":{"line":9,"column":20},"end":{"line":14,"column":2}},"3":{"start":{"line":16,"column":26},"end":{"line":27,"column":2}},"4":{"start":{"line":29,"column":0},"end":{"line":33,"column":2}}},"fnMap":{},"branchMap":{},"s":{"0":1,"1":1,"2":1,"3":1,"4":1},"f":{},"b":{},"_coverageSchema":"1a1c01bbd47fc00a2c39e90264f33305004495a9","hash":"48bd06433ffc359072ce0cd175b97a2669816bc1"}
,"E:\\program_projects\\alterna\\modulo_8_terraza\\backend\\src\\utils.js": {"path":"E:\\program_projects\\alterna\\modulo_8_terraza\\backend\\src\\utils.js","statementMap":{"0":{"start":{"line":6,"column":17},"end":{"line":6,"column":72}},"1":{"start":{"line":6,"column":48},"end":{"line":6,"column":71}},"2":{"start":{"line":7,"column":2},"end":{"line":9,"column":3}},"3":{"start":{"line":8,"column":4},"end":{"line":8,"column":51}},"4":{"start":{"line":8,"column":33},"end":{"line":8,"column":51}},"5":{"start":{"line":10,"column":2},"end":{"line":10,"column":14}},"6":{"start":{"line":14,"column":17},"end":{"line":14,"column":31}},"7":{"start":{"line":15,"column":15},"end":{"line":15,"column":54}},"8":{"start":{"line":16,"column":17},"end":{"line":16,"column":31}},"9":{"start":{"line":17,"column":15},"end":{"line":17,"column":54}},"10":{"start":{"line":18,"column":2},"end":{"line":18,"column":42}},"11":{"start":{"line":22,"column":17},"end":{"line":22,"column":44}},"12":{"start":{"line":23,"column":15},"end":{"line":23,"column":41}},"13":{"start":{"line":24,"column":2},"end":{"line":24,"column":44}},"14":{"start":{"line":25,"column":2},"end":{"line":25,"column":107}},"15":{"start":{"line":28,"column":0},"end":{"line":32,"column":2}}},"fnMap":{"0":{"name":"getTableCapacity","decl":{"start":{"line":5,"column":9},"end":{"line":5,"column":25}},"loc":{"start":{"line":5,"column":49},"end":{"line":11,"column":1}},"line":5},"1":{"name":"(anonymous_1)","decl":{"start":{"line":6,"column":38},"end":{"line":6,"column":39}},"loc":{"start":{"line":6,"column":48},"end":{"line":6,"column":71}},"line":6},"2":{"name":"isOverlapping","decl":{"start":{"line":13,"column":9},"end":{"line":13,"column":22}},"loc":{"start":{"line":13,"column":35},"end":{"line":19,"column":1}},"line":13},"3":{"name":"addMinutes","decl":{"start":{"line":21,"column":9},"end":{"line":21,"column":19}},"loc":{"start":{"line":21,"column":32},"end":{"line":26,"column":1}},"line":21}},"branchMap":{"0":{"loc":{"start":{"line":8,"column":4},"end":{"line":8,"column":51}},"type":"if","locations":[{"start":{"line":8,"column":4},"end":{"line":8,"column":51}},{"start":{},"end":{}}],"line":8},"1":{"loc":{"start":{"line":15,"column":34},"end":{"line":15,"column":53}},"type":"binary-expr","locations":[{"start":{"line":15,"column":34},"end":{"line":15,"column":47}},{"start":{"line":15,"column":51},"end":{"line":15,"column":53}}],"line":15},"2":{"loc":{"start":{"line":17,"column":34},"end":{"line":17,"column":53}},"type":"binary-expr","locations":[{"start":{"line":17,"column":34},"end":{"line":17,"column":47}},{"start":{"line":17,"column":51},"end":{"line":17,"column":53}}],"line":17},"3":{"loc":{"start":{"line":18,"column":10},"end":{"line":18,"column":40}},"type":"binary-expr","locations":[{"start":{"line":18,"column":10},"end":{"line":18,"column":23}},{"start":{"line":18,"column":27},"end":{"line":18,"column":40}}],"line":18}},"s":{"0":5,"1":12,"2":5,"3":8,"4":3,"5":2,"6":5,"7":5,"8":5,"9":5,"10":5,"11":16,"12":16,"13":16,"14":16,"15":1},"f":{"0":5,"1":12,"2":5,"3":16},"b":{"0":[3,5],"1":[5,0],"2":[5,0],"3":[5,5]},"_coverageSchema":"1a1c01bbd47fc00a2c39e90264f33305004495a9","hash":"e4d6622313142b4f058ea795d4c83c586d6be584"}
}
