{"C:\\Users\\nunez\\Desktop\\Development\\La-terraza\\backend\\src\\index.js": {"path":"C:\\Users\\nunez\\Desktop\\Development\\La-terraza\\backend\\src\\index.js","statementMap":{"0":{"start":{"line":4,"column":16},"end":{"line":4,"column":34}},"1":{"start":{"line":5,"column":13},"end":{"line":5,"column":28}},"2":{"start":{"line":6,"column":18},"end":{"line":6,"column":47}},"3":{"start":{"line":7,"column":11},"end":{"line":7,"column":24}},"4":{"start":{"line":8,"column":13},"end":{"line":8,"column":28}},"5":{"start":{"line":9,"column":17},"end":{"line":9,"column":36}},"6":{"start":{"line":11,"column":12},"end":{"line":11,"column":21}},"7":{"start":{"line":12,"column":0},"end":{"line":12,"column":16}},"8":{"start":{"line":13,"column":0},"end":{"line":13,"column":24}},"9":{"start":{"line":16,"column":20},"end":{"line":16,"column":135}},"10":{"start":{"line":17,"column":0},"end":{"line":19,"column":65}},"11":{"start":{"line":18,"column":14},"end":{"line":18,"column":55}},"12":{"start":{"line":19,"column":16},"end":{"line":19,"column":63}},"13":{"start":{"line":22,"column":16},"end":{"line":22,"column":83}},"14":{"start":{"line":23,"column":0},"end":{"line":23,"column":64}},"15":{"start":{"line":26,"column":0},"end":{"line":26,"column":58}},"16":{"start":{"line":26,"column":37},"end":{"line":26,"column":56}},"17":{"start":{"line":31,"column":37},"end":{"line":31,"column":56}},"18":{"start":{"line":34,"column":0},"end":{"line":46,"column":3}},"19":{"start":{"line":35,"column":2},"end":{"line":45,"column":3}},"20":{"start":{"line":36,"column":17},"end":{"line":36,"column":86}},"21":{"start":{"line":37,"column":4},"end":{"line":37,"column":72}},"22":{"start":{"line":37,"column":39},"end":{"line":37,"column":69}},"23":{"start":{"line":38,"column":4},"end":{"line":40,"column":6}},"24":{"start":{"line":39,"column":6},"end":{"line":39,"column":63}},"25":{"start":{"line":39,"column":32},"end":{"line":39,"column":61}},"26":{"start":{"line":41,"column":4},"end":{"line":41,"column":25}},"27":{"start":{"line":42,"column":4},"end":{"line":42,"column":48}},"28":{"start":{"line":44,"column":4},"end":{"line":44,"column":71}},"29":{"start":{"line":52,"column":0},"end":{"line":59,"column":3}},"30":{"start":{"line":53,"column":2},"end":{"line":58,"column":3}},"31":{"start":{"line":54,"column":18},"end":{"line":54,"column":57}},"32":{"start":{"line":55,"column":4},"end":{"line":55,"column":20}},"33":{"start":{"line":57,"column":4},"end":{"line":57,"column":83}},"34":{"start":{"line":63,"column":0},"end":{"line":91,"column":3}},"35":{"start":{"line":64,"column":21},"end":{"line":64,"column":31}},"36":{"start":{"line":65,"column":29},"end":{"line":65,"column":37}},"37":{"start":{"line":66,"column":2},"end":{"line":90,"column":3}},"38":{"start":{"line":67,"column":17},"end":{"line":67,"column":51}},"39":{"start":{"line":68,"column":4},"end":{"line":68,"column":72}},"40":{"start":{"line":68,"column":15},"end":{"line":68,"column":72}},"41":{"start":{"line":69,"column":25},"end":{"line":69,"column":53}},"42":{"start":{"line":70,"column":4},"end":{"line":72,"column":5}},"43":{"start":{"line":71,"column":6},"end":{"line":71,"column":73}},"44":{"start":{"line":73,"column":4},"end":{"line":75,"column":5}},"45":{"start":{"line":74,"column":6},"end":{"line":74,"column":62}},"46":{"start":{"line":77,"column":4},"end":{"line":79,"column":5}},"47":{"start":{"line":78,"column":6},"end":{"line":78,"column":77}},"48":{"start":{"line":80,"column":21},"end":{"line":85,"column":6}},"49":{"start":{"line":86,"column":4},"end":{"line":86,"column":26}},"50":{"start":{"line":87,"column":4},"end":{"line":87,"column":35}},"51":{"start":{"line":89,"column":4},"end":{"line":89,"column":81}},"52":{"start":{"line":95,"column":0},"end":{"line":105,"column":3}},"53":{"start":{"line":96,"column":21},"end":{"line":96,"column":30}},"54":{"start":{"line":97,"column":2},"end":{"line":104,"column":3}},"55":{"start":{"line":98,"column":16},"end":{"line":98,"column":18}},"56":{"start":{"line":99,"column":4},"end":{"line":99,"column":38}},"57":{"start":{"line":99,"column":16},"end":{"line":99,"column":38}},"58":{"start":{"line":100,"column":19},"end":{"line":100,"column":62}},"59":{"start":{"line":101,"column":4},"end":{"line":101,"column":21}},"60":{"start":{"line":103,"column":4},"end":{"line":103,"column":84}},"61":{"start":{"line":109,"column":17},"end":{"line":109,"column":72}},"62":{"start":{"line":109,"column":48},"end":{"line":109,"column":71}},"63":{"start":{"line":110,"column":2},"end":{"line":112,"column":3}},"64":{"start":{"line":111,"column":4},"end":{"line":111,"column":51}},"65":{"start":{"line":111,"column":33},"end":{"line":111,"column":51}},"66":{"start":{"line":113,"column":2},"end":{"line":113,"column":14}},"67":{"start":{"line":118,"column":17},"end":{"line":118,"column":31}},"68":{"start":{"line":119,"column":15},"end":{"line":119,"column":54}},"69":{"start":{"line":120,"column":17},"end":{"line":120,"column":31}},"70":{"start":{"line":121,"column":15},"end":{"line":121,"column":54}},"71":{"start":{"line":122,"column":2},"end":{"line":122,"column":42}},"72":{"start":{"line":126,"column":17},"end":{"line":126,"column":44}},"73":{"start":{"line":127,"column":15},"end":{"line":127,"column":41}},"74":{"start":{"line":128,"column":2},"end":{"line":128,"column":44}},"75":{"start":{"line":129,"column":2},"end":{"line":129,"column":107}},"76":{"start":{"line":134,"column":0},"end":{"line":184,"column":3}},"77":{"start":{"line":135,"column":80},"end":{"line":135,"column":88}},"78":{"start":{"line":136,"column":2},"end":{"line":138,"column":3}},"79":{"start":{"line":137,"column":4},"end":{"line":137,"column":70}},"80":{"start":{"line":140,"column":14},"end":{"line":140,"column":24}},"81":{"start":{"line":141,"column":18},"end":{"line":141,"column":50}},"82":{"start":{"line":142,"column":2},"end":{"line":144,"column":3}},"83":{"start":{"line":143,"column":4},"end":{"line":143,"column":73}},"84":{"start":{"line":145,"column":2},"end":{"line":183,"column":3}},"85":{"start":{"line":147,"column":15},"end":{"line":147,"column":82}},"86":{"start":{"line":148,"column":4},"end":{"line":150,"column":5}},"87":{"start":{"line":149,"column":6},"end":{"line":149,"column":63}},"88":{"start":{"line":151,"column":25},"end":{"line":151,"column":58}},"89":{"start":{"line":152,"column":23},"end":{"line":152,"column":27}},"90":{"start":{"line":153,"column":27},"end":{"line":153,"column":31}},"91":{"start":{"line":154,"column":4},"end":{"line":162,"column":5}},"92":{"start":{"line":155,"column":21},"end":{"line":155,"column":55}},"93":{"start":{"line":156,"column":18},"end":{"line":156,"column":53}},"94":{"start":{"line":157,"column":6},"end":{"line":161,"column":7}},"95":{"start":{"line":158,"column":8},"end":{"line":158,"column":25}},"96":{"start":{"line":159,"column":8},"end":{"line":159,"column":31}},"97":{"start":{"line":160,"column":8},"end":{"line":160,"column":14}},"98":{"start":{"line":163,"column":4},"end":{"line":165,"column":5}},"99":{"start":{"line":164,"column":6},"end":{"line":164,"column":76}},"100":{"start":{"line":167,"column":19},"end":{"line":178,"column":6}},"101":{"start":{"line":179,"column":4},"end":{"line":179,"column":24}},"102":{"start":{"line":180,"column":4},"end":{"line":180,"column":33}},"103":{"start":{"line":182,"column":4},"end":{"line":182,"column":90}},"104":{"start":{"line":188,"column":0},"end":{"line":199,"column":3}},"105":{"start":{"line":189,"column":27},"end":{"line":189,"column":36}},"106":{"start":{"line":190,"column":2},"end":{"line":198,"column":3}},"107":{"start":{"line":191,"column":16},"end":{"line":191,"column":18}},"108":{"start":{"line":192,"column":4},"end":{"line":192,"column":32}},"109":{"start":{"line":192,"column":14},"end":{"line":192,"column":32}},"110":{"start":{"line":193,"column":4},"end":{"line":193,"column":38}},"111":{"start":{"line":193,"column":16},"end":{"line":193,"column":38}},"112":{"start":{"line":194,"column":20},"end":{"line":194,"column":69}},"113":{"start":{"line":195,"column":4},"end":{"line":195,"column":22}},"114":{"start":{"line":197,"column":4},"end":{"line":197,"column":90}},"115":{"start":{"line":203,"column":0},"end":{"line":259,"column":3}},"116":{"start":{"line":204,"column":17},"end":{"line":204,"column":27}},"117":{"start":{"line":205,"column":21},"end":{"line":205,"column":29}},"118":{"start":{"line":206,"column":16},"end":{"line":206,"column":53}},"119":{"start":{"line":207,"column":2},"end":{"line":209,"column":3}},"120":{"start":{"line":208,"column":4},"end":{"line":208,"column":61}},"121":{"start":{"line":210,"column":2},"end":{"line":258,"column":3}},"122":{"start":{"line":211,"column":17},"end":{"line":211,"column":50}},"123":{"start":{"line":212,"column":4},"end":{"line":212,"column":79}},"124":{"start":{"line":212,"column":15},"end":{"line":212,"column":79}},"125":{"start":{"line":213,"column":4},"end":{"line":215,"column":5}},"126":{"start":{"line":214,"column":6},"end":{"line":214,"column":87}},"127":{"start":{"line":217,"column":4},"end":{"line":252,"column":5}},"128":{"start":{"line":218,"column":21},"end":{"line":218,"column":98}},"129":{"start":{"line":219,"column":21},"end":{"line":219,"column":25}},"130":{"start":{"line":220,"column":6},"end":{"line":247,"column":7}},"131":{"start":{"line":221,"column":25},"end":{"line":242,"column":10}},"132":{"start":{"line":228,"column":31},"end":{"line":228,"column":58}},"133":{"start":{"line":229,"column":29},"end":{"line":229,"column":55}},"134":{"start":{"line":230,"column":16},"end":{"line":230,"column":58}},"135":{"start":{"line":231,"column":16},"end":{"line":231,"column":121}},"136":{"start":{"line":233,"column":29},"end":{"line":233,"column":35}},"137":{"start":{"line":234,"column":27},"end":{"line":234,"column":62}},"138":{"start":{"line":235,"column":29},"end":{"line":235,"column":35}},"139":{"start":{"line":236,"column":27},"end":{"line":236,"column":62}},"140":{"start":{"line":237,"column":14},"end":{"line":237,"column":54}},"141":{"start":{"line":243,"column":8},"end":{"line":246,"column":9}},"142":{"start":{"line":244,"column":10},"end":{"line":244,"column":23}},"143":{"start":{"line":245,"column":10},"end":{"line":245,"column":16}},"144":{"start":{"line":248,"column":6},"end":{"line":250,"column":7}},"145":{"start":{"line":249,"column":8},"end":{"line":249,"column":90}},"146":{"start":{"line":251,"column":6},"end":{"line":251,"column":33}},"147":{"start":{"line":253,"column":4},"end":{"line":253,"column":25}},"148":{"start":{"line":254,"column":4},"end":{"line":254,"column":22}},"149":{"start":{"line":255,"column":4},"end":{"line":255,"column":19}},"150":{"start":{"line":257,"column":4},"end":{"line":257,"column":97}},"151":{"start":{"line":263,"column":0},"end":{"line":317,"column":3}},"152":{"start":{"line":264,"column":57},"end":{"line":264,"column":66}},"153":{"start":{"line":265,"column":2},"end":{"line":267,"column":3}},"154":{"start":{"line":266,"column":4},"end":{"line":266,"column":74}},"155":{"start":{"line":268,"column":15},"end":{"line":268,"column":38}},"156":{"start":{"line":269,"column":2},"end":{"line":316,"column":3}},"157":{"start":{"line":270,"column":16},"end":{"line":270,"column":33}},"158":{"start":{"line":271,"column":4},"end":{"line":276,"column":5}},"159":{"start":{"line":272,"column":6},"end":{"line":272,"column":85}},"160":{"start":{"line":272,"column":32},"end":{"line":272,"column":83}},"161":{"start":{"line":273,"column":6},"end":{"line":275,"column":7}},"162":{"start":{"line":274,"column":8},"end":{"line":274,"column":65}},"163":{"start":{"line":277,"column":16},"end":{"line":277,"column":20}},"164":{"start":{"line":278,"column":4},"end":{"line":309,"column":5}},"165":{"start":{"line":279,"column":21},"end":{"line":279,"column":84}},"166":{"start":{"line":280,"column":6},"end":{"line":307,"column":7}},"167":{"start":{"line":281,"column":25},"end":{"line":302,"column":10}},"168":{"start":{"line":288,"column":31},"end":{"line":288,"column":58}},"169":{"start":{"line":289,"column":29},"end":{"line":289,"column":55}},"170":{"start":{"line":290,"column":16},"end":{"line":290,"column":58}},"171":{"start":{"line":291,"column":16},"end":{"line":291,"column":121}},"172":{"start":{"line":293,"column":29},"end":{"line":293,"column":35}},"173":{"start":{"line":294,"column":27},"end":{"line":294,"column":62}},"174":{"start":{"line":295,"column":29},"end":{"line":295,"column":35}},"175":{"start":{"line":296,"column":27},"end":{"line":296,"column":62}},"176":{"start":{"line":297,"column":14},"end":{"line":297,"column":54}},"177":{"start":{"line":303,"column":8},"end":{"line":306,"column":9}},"178":{"start":{"line":304,"column":10},"end":{"line":304,"column":48}},"179":{"start":{"line":305,"column":10},"end":{"line":305,"column":16}},"180":{"start":{"line":308,"column":6},"end":{"line":308,"column":23}},"181":{"start":{"line":308,"column":17},"end":{"line":308,"column":23}},"182":{"start":{"line":310,"column":4},"end":{"line":312,"column":5}},"183":{"start":{"line":311,"column":6},"end":{"line":311,"column":76}},"184":{"start":{"line":313,"column":4},"end":{"line":313,"column":20}},"185":{"start":{"line":315,"column":4},"end":{"line":315,"column":90}},"186":{"start":{"line":319,"column":13},"end":{"line":319,"column":37}},"187":{"start":{"line":320,"column":0},"end":{"line":322,"column":3}},"188":{"start":{"line":321,"column":2},"end":{"line":321,"column":45}}},"fnMap":{"0":{"name":"(anonymous_0)","decl":{"start":{"line":18,"column":8},"end":{"line":18,"column":9}},"loc":{"start":{"line":18,"column":14},"end":{"line":18,"column":55}},"line":18},"1":{"name":"(anonymous_1)","decl":{"start":{"line":19,"column":9},"end":{"line":19,"column":10}},"loc":{"start":{"line":19,"column":16},"end":{"line":19,"column":63}},"line":19},"2":{"name":"(anonymous_2)","decl":{"start":{"line":26,"column":23},"end":{"line":26,"column":24}},"loc":{"start":{"line":26,"column":37},"end":{"line":26,"column":56}},"line":26},"3":{"name":"(anonymous_3)","decl":{"start":{"line":34,"column":22},"end":{"line":34,"column":23}},"loc":{"start":{"line":34,"column":36},"end":{"line":46,"column":1}},"line":34},"4":{"name":"(anonymous_4)","decl":{"start":{"line":37,"column":30},"end":{"line":37,"column":31}},"loc":{"start":{"line":37,"column":39},"end":{"line":37,"column":69}},"line":37},"5":{"name":"(anonymous_5)","decl":{"start":{"line":38,"column":35},"end":{"line":38,"column":36}},"loc":{"start":{"line":39,"column":6},"end":{"line":39,"column":63}},"line":39},"6":{"name":"(anonymous_6)","decl":{"start":{"line":39,"column":22},"end":{"line":39,"column":23}},"loc":{"start":{"line":39,"column":32},"end":{"line":39,"column":61}},"line":39},"7":{"name":"(anonymous_7)","decl":{"start":{"line":52,"column":22},"end":{"line":52,"column":23}},"loc":{"start":{"line":52,"column":42},"end":{"line":59,"column":1}},"line":52},"8":{"name":"(anonymous_8)","decl":{"start":{"line":63,"column":38},"end":{"line":63,"column":39}},"loc":{"start":{"line":63,"column":58},"end":{"line":91,"column":1}},"line":63},"9":{"name":"(anonymous_9)","decl":{"start":{"line":95,"column":23},"end":{"line":95,"column":24}},"loc":{"start":{"line":95,"column":43},"end":{"line":105,"column":1}},"line":95},"10":{"name":"getTableCapacity","decl":{"start":{"line":108,"column":9},"end":{"line":108,"column":25}},"loc":{"start":{"line":108,"column":49},"end":{"line":114,"column":1}},"line":108},"11":{"name":"(anonymous_11)","decl":{"start":{"line":109,"column":38},"end":{"line":109,"column":39}},"loc":{"start":{"line":109,"column":48},"end":{"line":109,"column":71}},"line":109},"12":{"name":"isOverlapping","decl":{"start":{"line":117,"column":9},"end":{"line":117,"column":22}},"loc":{"start":{"line":117,"column":35},"end":{"line":123,"column":1}},"line":117},"13":{"name":"addMinutes","decl":{"start":{"line":125,"column":9},"end":{"line":125,"column":19}},"loc":{"start":{"line":125,"column":32},"end":{"line":130,"column":1}},"line":125},"14":{"name":"(anonymous_14)","decl":{"start":{"line":134,"column":30},"end":{"line":134,"column":31}},"loc":{"start":{"line":134,"column":50},"end":{"line":184,"column":1}},"line":134},"15":{"name":"(anonymous_15)","decl":{"start":{"line":188,"column":29},"end":{"line":188,"column":30}},"loc":{"start":{"line":188,"column":49},"end":{"line":199,"column":1}},"line":188},"16":{"name":"(anonymous_16)","decl":{"start":{"line":203,"column":42},"end":{"line":203,"column":43}},"loc":{"start":{"line":203,"column":62},"end":{"line":259,"column":1}},"line":203},"17":{"name":"(anonymous_17)","decl":{"start":{"line":226,"column":18},"end":{"line":226,"column":19}},"loc":{"start":{"line":226,"column":65},"end":{"line":238,"column":13}},"line":226},"18":{"name":"addMinutes","decl":{"start":{"line":227,"column":23},"end":{"line":227,"column":33}},"loc":{"start":{"line":227,"column":46},"end":{"line":232,"column":15}},"line":227},"19":{"name":"(anonymous_19)","decl":{"start":{"line":263,"column":29},"end":{"line":263,"column":30}},"loc":{"start":{"line":263,"column":49},"end":{"line":317,"column":1}},"line":263},"20":{"name":"(anonymous_20)","decl":{"start":{"line":272,"column":27},"end":{"line":272,"column":28}},"loc":{"start":{"line":272,"column":32},"end":{"line":272,"column":83}},"line":272},"21":{"name":"(anonymous_21)","decl":{"start":{"line":286,"column":18},"end":{"line":286,"column":19}},"loc":{"start":{"line":286,"column":65},"end":{"line":298,"column":13}},"line":286},"22":{"name":"addMinutes","decl":{"start":{"line":287,"column":23},"end":{"line":287,"column":33}},"loc":{"start":{"line":287,"column":46},"end":{"line":292,"column":15}},"line":287},"23":{"name":"(anonymous_23)","decl":{"start":{"line":320,"column":17},"end":{"line":320,"column":18}},"loc":{"start":{"line":320,"column":23},"end":{"line":322,"column":1}},"line":320}},"branchMap":{"0":{"loc":{"start":{"line":16,"column":20},"end":{"line":16,"column":135}},"type":"binary-expr","locations":[{"start":{"line":16,"column":20},"end":{"line":16,"column":43}},{"start":{"line":16,"column":47},"end":{"line":16,"column":135}}],"line":16},"1":{"loc":{"start":{"line":68,"column":4},"end":{"line":68,"column":72}},"type":"if","locations":[{"start":{"line":68,"column":4},"end":{"line":68,"column":72}},{"start":{},"end":{}}],"line":68},"2":{"loc":{"start":{"line":70,"column":4},"end":{"line":72,"column":5}},"type":"if","locations":[{"start":{"line":70,"column":4},"end":{"line":72,"column":5}},{"start":{},"end":{}}],"line":70},"3":{"loc":{"start":{"line":73,"column":4},"end":{"line":75,"column":5}},"type":"if","locations":[{"start":{"line":73,"column":4},"end":{"line":75,"column":5}},{"start":{},"end":{}}],"line":73},"4":{"loc":{"start":{"line":73,"column":8},"end":{"line":73,"column":58}},"type":"binary-expr","locations":[{"start":{"line":73,"column":8},"end":{"line":73,"column":13}},{"start":{"line":73,"column":17},"end":{"line":73,"column":26}},{"start":{"line":73,"column":30},"end":{"line":73,"column":58}}],"line":73},"5":{"loc":{"start":{"line":77,"column":4},"end":{"line":79,"column":5}},"type":"if","locations":[{"start":{"line":77,"column":4},"end":{"line":79,"column":5}},{"start":{},"end":{}}],"line":77},"6":{"loc":{"start":{"line":77,"column":8},"end":{"line":77,"column":52}},"type":"binary-expr","locations":[{"start":{"line":77,"column":8},"end":{"line":77,"column":24}},{"start":{"line":77,"column":28},"end":{"line":77,"column":52}}],"line":77},"7":{"loc":{"start":{"line":99,"column":4},"end":{"line":99,"column":38}},"type":"if","locations":[{"start":{"line":99,"column":4},"end":{"line":99,"column":38}},{"start":{},"end":{}}],"line":99},"8":{"loc":{"start":{"line":111,"column":4},"end":{"line":111,"column":51}},"type":"if","locations":[{"start":{"line":111,"column":4},"end":{"line":111,"column":51}},{"start":{},"end":{}}],"line":111},"9":{"loc":{"start":{"line":119,"column":34},"end":{"line":119,"column":53}},"type":"binary-expr","locations":[{"start":{"line":119,"column":34},"end":{"line":119,"column":47}},{"start":{"line":119,"column":51},"end":{"line":119,"column":53}}],"line":119},"10":{"loc":{"start":{"line":121,"column":34},"end":{"line":121,"column":53}},"type":"binary-expr","locations":[{"start":{"line":121,"column":34},"end":{"line":121,"column":47}},{"start":{"line":121,"column":51},"end":{"line":121,"column":53}}],"line":121},"11":{"loc":{"start":{"line":122,"column":10},"end":{"line":122,"column":40}},"type":"binary-expr","locations":[{"start":{"line":122,"column":10},"end":{"line":122,"column":23}},{"start":{"line":122,"column":27},"end":{"line":122,"column":40}}],"line":122},"12":{"loc":{"start":{"line":136,"column":2},"end":{"line":138,"column":3}},"type":"if","locations":[{"start":{"line":136,"column":2},"end":{"line":138,"column":3}},{"start":{},"end":{}}],"line":136},"13":{"loc":{"start":{"line":136,"column":6},"end":{"line":136,"column":48}},"type":"binary-expr","locations":[{"start":{"line":136,"column":6},"end":{"line":136,"column":11}},{"start":{"line":136,"column":15},"end":{"line":136,"column":20}},{"start":{"line":136,"column":24},"end":{"line":136,"column":34}},{"start":{"line":136,"column":38},"end":{"line":136,"column":48}}],"line":136},"14":{"loc":{"start":{"line":142,"column":2},"end":{"line":144,"column":3}},"type":"if","locations":[{"start":{"line":142,"column":2},"end":{"line":144,"column":3}},{"start":{},"end":{}}],"line":142},"15":{"loc":{"start":{"line":147,"column":41},"end":{"line":147,"column":64}},"type":"binary-expr","locations":[{"start":{"line":147,"column":41},"end":{"line":147,"column":55}},{"start":{"line":147,"column":59},"end":{"line":147,"column":64}}],"line":147},"16":{"loc":{"start":{"line":148,"column":4},"end":{"line":150,"column":5}},"type":"if","locations":[{"start":{"line":148,"column":4},"end":{"line":150,"column":5}},{"start":{},"end":{}}],"line":148},"17":{"loc":{"start":{"line":148,"column":8},"end":{"line":148,"column":59}},"type":"binary-expr","locations":[{"start":{"line":148,"column":8},"end":{"line":148,"column":13}},{"start":{"line":148,"column":17},"end":{"line":148,"column":31}},{"start":{"line":148,"column":35},"end":{"line":148,"column":59}}],"line":148},"18":{"loc":{"start":{"line":151,"column":25},"end":{"line":151,"column":58}},"type":"cond-expr","locations":[{"start":{"line":151,"column":32},"end":{"line":151,"column":38}},{"start":{"line":151,"column":41},"end":{"line":151,"column":58}}],"line":151},"19":{"loc":{"start":{"line":157,"column":6},"end":{"line":161,"column":7}},"type":"if","locations":[{"start":{"line":157,"column":6},"end":{"line":161,"column":7}},{"start":{},"end":{}}],"line":157},"20":{"loc":{"start":{"line":163,"column":4},"end":{"line":165,"column":5}},"type":"if","locations":[{"start":{"line":163,"column":4},"end":{"line":165,"column":5}},{"start":{},"end":{}}],"line":163},"21":{"loc":{"start":{"line":172,"column":16},"end":{"line":172,"column":30}},"type":"binary-expr","locations":[{"start":{"line":172,"column":16},"end":{"line":172,"column":24}},{"start":{"line":172,"column":28},"end":{"line":172,"column":30}}],"line":172},"22":{"loc":{"start":{"line":177,"column":13},"end":{"line":177,"column":24}},"type":"binary-expr","locations":[{"start":{"line":177,"column":13},"end":{"line":177,"column":18}},{"start":{"line":177,"column":22},"end":{"line":177,"column":24}}],"line":177},"23":{"loc":{"start":{"line":192,"column":4},"end":{"line":192,"column":32}},"type":"if","locations":[{"start":{"line":192,"column":4},"end":{"line":192,"column":32}},{"start":{},"end":{}}],"line":192},"24":{"loc":{"start":{"line":193,"column":4},"end":{"line":193,"column":38}},"type":"if","locations":[{"start":{"line":193,"column":4},"end":{"line":193,"column":38}},{"start":{},"end":{}}],"line":193},"25":{"loc":{"start":{"line":207,"column":2},"end":{"line":209,"column":3}},"type":"if","locations":[{"start":{"line":207,"column":2},"end":{"line":209,"column":3}},{"start":{},"end":{}}],"line":207},"26":{"loc":{"start":{"line":212,"column":4},"end":{"line":212,"column":79}},"type":"if","locations":[{"start":{"line":212,"column":4},"end":{"line":212,"column":79}},{"start":{},"end":{}}],"line":212},"27":{"loc":{"start":{"line":213,"column":4},"end":{"line":215,"column":5}},"type":"if","locations":[{"start":{"line":213,"column":4},"end":{"line":215,"column":5}},{"start":{},"end":{}}],"line":213},"28":{"loc":{"start":{"line":217,"column":4},"end":{"line":252,"column":5}},"type":"if","locations":[{"start":{"line":217,"column":4},"end":{"line":252,"column":5}},{"start":{},"end":{}}],"line":217},"29":{"loc":{"start":{"line":234,"column":46},"end":{"line":234,"column":61}},"type":"binary-expr","locations":[{"start":{"line":234,"column":46},"end":{"line":234,"column":55}},{"start":{"line":234,"column":59},"end":{"line":234,"column":61}}],"line":234},"30":{"loc":{"start":{"line":236,"column":46},"end":{"line":236,"column":61}},"type":"binary-expr","locations":[{"start":{"line":236,"column":46},"end":{"line":236,"column":55}},{"start":{"line":236,"column":59},"end":{"line":236,"column":61}}],"line":236},"31":{"loc":{"start":{"line":237,"column":22},"end":{"line":237,"column":52}},"type":"binary-expr","locations":[{"start":{"line":237,"column":22},"end":{"line":237,"column":35}},{"start":{"line":237,"column":39},"end":{"line":237,"column":52}}],"line":237},"32":{"loc":{"start":{"line":239,"column":62},"end":{"line":239,"column":81}},"type":"binary-expr","locations":[{"start":{"line":239,"column":62},"end":{"line":239,"column":75}},{"start":{"line":239,"column":79},"end":{"line":239,"column":81}}],"line":239},"33":{"loc":{"start":{"line":243,"column":8},"end":{"line":246,"column":9}},"type":"if","locations":[{"start":{"line":243,"column":8},"end":{"line":246,"column":9}},{"start":{},"end":{}}],"line":243},"34":{"loc":{"start":{"line":248,"column":6},"end":{"line":250,"column":7}},"type":"if","locations":[{"start":{"line":248,"column":6},"end":{"line":250,"column":7}},{"start":{},"end":{}}],"line":248},"35":{"loc":{"start":{"line":265,"column":2},"end":{"line":267,"column":3}},"type":"if","locations":[{"start":{"line":265,"column":2},"end":{"line":267,"column":3}},{"start":{},"end":{}}],"line":265},"36":{"loc":{"start":{"line":265,"column":6},"end":{"line":265,"column":39}},"type":"binary-expr","locations":[{"start":{"line":265,"column":6},"end":{"line":265,"column":11}},{"start":{"line":265,"column":15},"end":{"line":265,"column":25}},{"start":{"line":265,"column":29},"end":{"line":265,"column":39}}],"line":265},"37":{"loc":{"start":{"line":271,"column":4},"end":{"line":276,"column":5}},"type":"if","locations":[{"start":{"line":271,"column":4},"end":{"line":276,"column":5}},{"start":{},"end":{}}],"line":271},"38":{"loc":{"start":{"line":271,"column":8},"end":{"line":271,"column":50}},"type":"binary-expr","locations":[{"start":{"line":271,"column":8},"end":{"line":271,"column":22}},{"start":{"line":271,"column":26},"end":{"line":271,"column":50}}],"line":271},"39":{"loc":{"start":{"line":273,"column":6},"end":{"line":275,"column":7}},"type":"if","locations":[{"start":{"line":273,"column":6},"end":{"line":275,"column":7}},{"start":{},"end":{}}],"line":273},"40":{"loc":{"start":{"line":294,"column":46},"end":{"line":294,"column":61}},"type":"binary-expr","locations":[{"start":{"line":294,"column":46},"end":{"line":294,"column":55}},{"start":{"line":294,"column":59},"end":{"line":294,"column":61}}],"line":294},"41":{"loc":{"start":{"line":296,"column":46},"end":{"line":296,"column":61}},"type":"binary-expr","locations":[{"start":{"line":296,"column":46},"end":{"line":296,"column":55}},{"start":{"line":296,"column":59},"end":{"line":296,"column":61}}],"line":296},"42":{"loc":{"start":{"line":297,"column":22},"end":{"line":297,"column":52}},"type":"binary-expr","locations":[{"start":{"line":297,"column":22},"end":{"line":297,"column":35}},{"start":{"line":297,"column":39},"end":{"line":297,"column":52}}],"line":297},"43":{"loc":{"start":{"line":303,"column":8},"end":{"line":306,"column":9}},"type":"if","locations":[{"start":{"line":303,"column":8},"end":{"line":306,"column":9}},{"start":{},"end":{}}],"line":303},"44":{"loc":{"start":{"line":308,"column":6},"end":{"line":308,"column":23}},"type":"if","locations":[{"start":{"line":308,"column":6},"end":{"line":308,"column":23}},{"start":{},"end":{}}],"line":308},"45":{"loc":{"start":{"line":310,"column":4},"end":{"line":312,"column":5}},"type":"if","locations":[{"start":{"line":310,"column":4},"end":{"line":312,"column":5}},{"start":{},"end":{}}],"line":310},"46":{"loc":{"start":{"line":319,"column":13},"end":{"line":319,"column":37}},"type":"binary-expr","locations":[{"start":{"line":319,"column":13},"end":{"line":319,"column":29}},{"start":{"line":319,"column":33},"end":{"line":319,"column":37}}],"line":319}},"s":{"0":0,"1":0,"2":0,"3":0,"4":0,"5":0,"6":0,"7":0,"8":0,"9":0,"10":0,"11":0,"12":0,"13":0,"14":0,"15":0,"16":0,"17":0,"18":0,"19":0,"20":0,"21":0,"22":0,"23":0,"24":0,"25":0,"26":0,"27":0,"28":0,"29":0,"30":0,"31":0,"32":0,"33":0,"34":0,"35":0,"36":0,"37":0,"38":0,"39":0,"40":0,"41":0,"42":0,"43":0,"44":0,"45":0,"46":0,"47":0,"48":0,"49":0,"50":0,"51":0,"52":0,"53":0,"54":0,"55":0,"56":0,"57":0,"58":0,"59":0,"60":0,"61":0,"62":0,"63":0,"64":0,"65":0,"66":0,"67":0,"68":0,"69":0,"70":0,"71":0,"72":0,"73":0,"74":0,"75":0,"76":0,"77":0,"78":0,"79":0,"80":0,"81":0,"82":0,"83":0,"84":0,"85":0,"86":0,"87":0,"88":0,"89":0,"90":0,"91":0,"92":0,"93":0,"94":0,"95":0,"96":0,"97":0,"98":0,"99":0,"100":0,"101":0,"102":0,"103":0,"104":0,"105":0,"106":0,"107":0,"108":0,"109":0,"110":0,"111":0,"112":0,"113":0,"114":0,"115":0,"116":0,"117":0,"118":0,"119":0,"120":0,"121":0,"122":0,"123":0,"124":0,"125":0,"126":0,"127":0,"128":0,"129":0,"130":0,"131":0,"132":0,"133":0,"134":0,"135":0,"136":0,"137":0,"138":0,"139":0,"140":0,"141":0,"142":0,"143":0,"144":0,"145":0,"146":0,"147":0,"148":0,"149":0,"150":0,"151":0,"152":0,"153":0,"154":0,"155":0,"156":0,"157":0,"158":0,"159":0,"160":0,"161":0,"162":0,"163":0,"164":0,"165":0,"166":0,"167":0,"168":0,"169":0,"170":0,"171":0,"172":0,"173":0,"174":0,"175":0,"176":0,"177":0,"178":0,"179":0,"180":0,"181":0,"182":0,"183":0,"184":0,"185":0,"186":0,"187":0,"188":0},"f":{"0":0,"1":0,"2":0,"3":0,"4":0,"5":0,"6":0,"7":0,"8":0,"9":0,"10":0,"11":0,"12":0,"13":0,"14":0,"15":0,"16":0,"17":0,"18":0,"19":0,"20":0,"21":0,"22":0,"23":0},"b":{"0":[0,0],"1":[0,0],"2":[0,0],"3":[0,0],"4":[0,0,0],"5":[0,0],"6":[0,0],"7":[0,0],"8":[0,0],"9":[0,0],"10":[0,0],"11":[0,0],"12":[0,0],"13":[0,0,0,0],"14":[0,0],"15":[0,0],"16":[0,0],"17":[0,0,0],"18":[0,0],"19":[0,0],"20":[0,0],"21":[0,0],"22":[0,0],"23":[0,0],"24":[0,0],"25":[0,0],"26":[0,0],"27":[0,0],"28":[0,0],"29":[0,0],"30":[0,0],"31":[0,0],"32":[0,0],"33":[0,0],"34":[0,0],"35":[0,0],"36":[0,0,0],"37":[0,0],"38":[0,0],"39":[0,0],"40":[0,0],"41":[0,0],"42":[0,0],"43":[0,0],"44":[0,0],"45":[0,0],"46":[0,0]}}
,"C:\\Users\\nunez\\Desktop\\Development\\La-terraza\\backend\\src\\models.js": {"path":"C:\\Users\\nunez\\Desktop\\Development\\La-terraza\\backend\\src\\models.js","statementMap":{"0":{"start":{"line":1,"column":17},"end":{"line":1,"column":36}},"1":{"start":{"line":3,"column":19},"end":{"line":7,"column":2}},"2":{"start":{"line":9,"column":20},"end":{"line":14,"column":2}},"3":{"start":{"line":16,"column":26},"end":{"line":27,"column":2}},"4":{"start":{"line":29,"column":0},"end":{"line":33,"column":2}}},"fnMap":{},"branchMap":{},"s":{"0":1,"1":1,"2":1,"3":1,"4":1},"f":{},"b":{},"_coverageSchema":"1a1c01bbd47fc00a2c39e90264f33305004495a9","hash":"d3e26f9fdd0afb15ae7af23e3a7f9ca9691cf086"}
,"C:\\Users\\nunez\\Desktop\\Development\\La-terraza\\backend\\src\\utils.js": {"path":"C:\\Users\\nunez\\Desktop\\Development\\La-terraza\\backend\\src\\utils.js","statementMap":{"0":{"start":{"line":6,"column":17},"end":{"line":6,"column":72}},"1":{"start":{"line":6,"column":48},"end":{"line":6,"column":71}},"2":{"start":{"line":7,"column":2},"end":{"line":9,"column":3}},"3":{"start":{"line":8,"column":4},"end":{"line":8,"column":51}},"4":{"start":{"line":8,"column":33},"end":{"line":8,"column":51}},"5":{"start":{"line":10,"column":2},"end":{"line":10,"column":14}},"6":{"start":{"line":14,"column":17},"end":{"line":14,"column":31}},"7":{"start":{"line":15,"column":15},"end":{"line":15,"column":54}},"8":{"start":{"line":16,"column":17},"end":{"line":16,"column":31}},"9":{"start":{"line":17,"column":15},"end":{"line":17,"column":54}},"10":{"start":{"line":18,"column":2},"end":{"line":18,"column":42}},"11":{"start":{"line":22,"column":17},"end":{"line":22,"column":44}},"12":{"start":{"line":23,"column":15},"end":{"line":23,"column":41}},"13":{"start":{"line":24,"column":2},"end":{"line":24,"column":44}},"14":{"start":{"line":25,"column":2},"end":{"line":25,"column":107}},"15":{"start":{"line":28,"column":0},"end":{"line":32,"column":2}}},"fnMap":{"0":{"name":"getTableCapacity","decl":{"start":{"line":5,"column":9},"end":{"line":5,"column":25}},"loc":{"start":{"line":5,"column":49},"end":{"line":11,"column":1}},"line":5},"1":{"name":"(anonymous_1)","decl":{"start":{"line":6,"column":38},"end":{"line":6,"column":39}},"loc":{"start":{"line":6,"column":48},"end":{"line":6,"column":71}},"line":6},"2":{"name":"isOverlapping","decl":{"start":{"line":13,"column":9},"end":{"line":13,"column":22}},"loc":{"start":{"line":13,"column":35},"end":{"line":19,"column":1}},"line":13},"3":{"name":"addMinutes","decl":{"start":{"line":21,"column":9},"end":{"line":21,"column":19}},"loc":{"start":{"line":21,"column":32},"end":{"line":26,"column":1}},"line":21}},"branchMap":{"0":{"loc":{"start":{"line":8,"column":4},"end":{"line":8,"column":51}},"type":"if","locations":[{"start":{"line":8,"column":4},"end":{"line":8,"column":51}},{"start":{},"end":{}}],"line":8},"1":{"loc":{"start":{"line":15,"column":34},"end":{"line":15,"column":53}},"type":"binary-expr","locations":[{"start":{"line":15,"column":34},"end":{"line":15,"column":47}},{"start":{"line":15,"column":51},"end":{"line":15,"column":53}}],"line":15},"2":{"loc":{"start":{"line":17,"column":34},"end":{"line":17,"column":53}},"type":"binary-expr","locations":[{"start":{"line":17,"column":34},"end":{"line":17,"column":47}},{"start":{"line":17,"column":51},"end":{"line":17,"column":53}}],"line":17},"3":{"loc":{"start":{"line":18,"column":10},"end":{"line":18,"column":40}},"type":"binary-expr","locations":[{"start":{"line":18,"column":10},"end":{"line":18,"column":23}},{"start":{"line":18,"column":27},"end":{"line":18,"column":40}}],"line":18}},"s":{"0":5,"1":12,"2":5,"3":8,"4":3,"5":2,"6":5,"7":5,"8":5,"9":5,"10":5,"11":16,"12":16,"13":16,"14":16,"15":1},"f":{"0":5,"1":12,"2":5,"3":16},"b":{"0":[3,5],"1":[5,0],"2":[5,0],"3":[5,5]},"_coverageSchema":"1a1c01bbd47fc00a2c39e90264f33305004495a9","hash":"0792da90e6bac9a27f0dba3a5aa6e2f8546af308"}
}
