TN:
SF:src\index.js
FN:18,(anonymous_0)
FN:19,(anonymous_1)
FN:26,(anonymous_2)
FN:34,(anonymous_3)
FN:43,(anonymous_4)
FN:51,(anonymous_5)
FN:52,(anonymous_6)
FN:71,(anonymous_7)
FN:82,(anonymous_8)
FN:114,(anonymous_9)
FN:127,getTableCapacity
FN:128,(anonymous_11)
FN:136,isOverlapping
FN:144,addMinutes
FN:153,(anonymous_14)
FN:207,(anonymous_15)
FN:222,(anonymous_16)
FN:245,(anonymous_17)
FN:246,addMinutes
FN:282,(anonymous_19)
FN:291,(anonymous_20)
FN:305,(anonymous_21)
FN:306,addMinutes
FN:339,(anonymous_23)
FNF:24
FNH:0
FNDA:0,(anonymous_0)
FNDA:0,(anonymous_1)
FNDA:0,(anonymous_2)
FNDA:0,(anonymous_3)
FNDA:0,(anonymous_4)
FNDA:0,(anonymous_5)
FNDA:0,(anonymous_6)
FNDA:0,(anonymous_7)
FNDA:0,(anonymous_8)
FNDA:0,(anonymous_9)
FNDA:0,getTableCapacity
FNDA:0,(anonymous_11)
FNDA:0,isOverlapping
FNDA:0,addMinutes
FNDA:0,(anonymous_14)
FNDA:0,(anonymous_15)
FNDA:0,(anonymous_16)
FNDA:0,(anonymous_17)
FNDA:0,addMinutes
FNDA:0,(anonymous_19)
FNDA:0,(anonymous_20)
FNDA:0,(anonymous_21)
FNDA:0,addMinutes
FNDA:0,(anonymous_23)
DA:4,0
DA:5,0
DA:6,0
DA:7,0
DA:8,0
DA:9,0
DA:11,0
DA:12,0
DA:13,0
DA:16,0
DA:17,0
DA:18,0
DA:19,0
DA:22,0
DA:23,0
DA:26,0
DA:31,0
DA:34,0
DA:35,0
DA:36,0
DA:38,0
DA:39,0
DA:40,0
DA:43,0
DA:48,0
DA:51,0
DA:52,0
DA:59,0
DA:61,0
DA:63,0
DA:71,0
DA:72,0
DA:73,0
DA:74,0
DA:76,0
DA:82,0
DA:83,0
DA:84,0
DA:85,0
DA:86,0
DA:87,0
DA:88,0
DA:89,0
DA:90,0
DA:92,0
DA:93,0
DA:96,0
DA:97,0
DA:99,0
DA:105,0
DA:106,0
DA:108,0
DA:114,0
DA:115,0
DA:116,0
DA:117,0
DA:118,0
DA:119,0
DA:120,0
DA:122,0
DA:128,0
DA:129,0
DA:130,0
DA:132,0
DA:137,0
DA:138,0
DA:139,0
DA:140,0
DA:141,0
DA:145,0
DA:146,0
DA:147,0
DA:148,0
DA:153,0
DA:154,0
DA:155,0
DA:156,0
DA:159,0
DA:160,0
DA:161,0
DA:162,0
DA:164,0
DA:166,0
DA:167,0
DA:168,0
DA:170,0
DA:171,0
DA:172,0
DA:173,0
DA:174,0
DA:175,0
DA:176,0
DA:177,0
DA:178,0
DA:179,0
DA:182,0
DA:183,0
DA:186,0
DA:198,0
DA:199,0
DA:201,0
DA:207,0
DA:208,0
DA:209,0
DA:210,0
DA:211,0
DA:212,0
DA:213,0
DA:214,0
DA:216,0
DA:222,0
DA:223,0
DA:224,0
DA:225,0
DA:226,0
DA:227,0
DA:229,0
DA:230,0
DA:231,0
DA:232,0
DA:233,0
DA:236,0
DA:237,0
DA:238,0
DA:239,0
DA:240,0
DA:247,0
DA:248,0
DA:249,0
DA:250,0
DA:252,0
DA:253,0
DA:254,0
DA:255,0
DA:256,0
DA:262,0
DA:263,0
DA:264,0
DA:267,0
DA:268,0
DA:270,0
DA:272,0
DA:273,0
DA:274,0
DA:276,0
DA:282,0
DA:283,0
DA:284,0
DA:285,0
DA:287,0
DA:288,0
DA:289,0
DA:290,0
DA:291,0
DA:292,0
DA:293,0
DA:296,0
DA:297,0
DA:298,0
DA:299,0
DA:300,0
DA:307,0
DA:308,0
DA:309,0
DA:310,0
DA:312,0
DA:313,0
DA:314,0
DA:315,0
DA:316,0
DA:322,0
DA:323,0
DA:324,0
DA:327,0
DA:329,0
DA:330,0
DA:332,0
DA:334,0
DA:338,0
DA:339,0
DA:340,0
LF:181
LH:0
BRDA:16,0,0,0
BRDA:16,0,1,0
BRDA:87,1,0,0
BRDA:87,1,1,0
BRDA:89,2,0,0
BRDA:89,2,1,0
BRDA:92,3,0,0
BRDA:92,3,1,0
BRDA:92,4,0,0
BRDA:92,4,1,0
BRDA:92,4,2,0
BRDA:96,5,0,0
BRDA:96,5,1,0
BRDA:96,6,0,0
BRDA:96,6,1,0
BRDA:118,7,0,0
BRDA:118,7,1,0
BRDA:130,8,0,0
BRDA:130,8,1,0
BRDA:138,9,0,0
BRDA:138,9,1,0
BRDA:140,10,0,0
BRDA:140,10,1,0
BRDA:141,11,0,0
BRDA:141,11,1,0
BRDA:155,12,0,0
BRDA:155,12,1,0
BRDA:155,13,0,0
BRDA:155,13,1,0
BRDA:155,13,2,0
BRDA:155,13,3,0
BRDA:161,14,0,0
BRDA:161,14,1,0
BRDA:166,15,0,0
BRDA:166,15,1,0
BRDA:167,16,0,0
BRDA:167,16,1,0
BRDA:167,17,0,0
BRDA:167,17,1,0
BRDA:167,17,2,0
BRDA:170,18,0,0
BRDA:170,18,1,0
BRDA:176,19,0,0
BRDA:176,19,1,0
BRDA:182,20,0,0
BRDA:182,20,1,0
BRDA:191,21,0,0
BRDA:191,21,1,0
BRDA:196,22,0,0
BRDA:196,22,1,0
BRDA:211,23,0,0
BRDA:211,23,1,0
BRDA:212,24,0,0
BRDA:212,24,1,0
BRDA:226,25,0,0
BRDA:226,25,1,0
BRDA:231,26,0,0
BRDA:231,26,1,0
BRDA:232,27,0,0
BRDA:232,27,1,0
BRDA:236,28,0,0
BRDA:236,28,1,0
BRDA:253,29,0,0
BRDA:253,29,1,0
BRDA:255,30,0,0
BRDA:255,30,1,0
BRDA:256,31,0,0
BRDA:256,31,1,0
BRDA:258,32,0,0
BRDA:258,32,1,0
BRDA:262,33,0,0
BRDA:262,33,1,0
BRDA:267,34,0,0
BRDA:267,34,1,0
BRDA:284,35,0,0
BRDA:284,35,1,0
BRDA:284,36,0,0
BRDA:284,36,1,0
BRDA:284,36,2,0
BRDA:290,37,0,0
BRDA:290,37,1,0
BRDA:290,38,0,0
BRDA:290,38,1,0
BRDA:292,39,0,0
BRDA:292,39,1,0
BRDA:313,40,0,0
BRDA:313,40,1,0
BRDA:315,41,0,0
BRDA:315,41,1,0
BRDA:316,42,0,0
BRDA:316,42,1,0
BRDA:322,43,0,0
BRDA:322,43,1,0
BRDA:327,44,0,0
BRDA:327,44,1,0
BRDA:329,45,0,0
BRDA:329,45,1,0
BRDA:338,46,0,0
BRDA:338,46,1,0
BRF:99
BRH:0
end_of_record
TN:
SF:src\models.js
FNF:0
FNH:0
DA:1,1
DA:3,1
DA:9,1
DA:16,1
DA:29,1
LF:5
LH:5
BRF:0
BRH:0
end_of_record
TN:
SF:src\utils.js
FN:5,getTableCapacity
FN:6,(anonymous_1)
FN:13,isOverlapping
FN:21,addMinutes
FNF:4
FNH:4
FNDA:5,getTableCapacity
FNDA:12,(anonymous_1)
FNDA:5,isOverlapping
FNDA:16,addMinutes
DA:6,12
DA:7,5
DA:8,8
DA:10,2
DA:14,5
DA:15,5
DA:16,5
DA:17,5
DA:18,5
DA:22,16
DA:23,16
DA:24,16
DA:25,16
DA:28,1
LF:14
LH:14
BRDA:8,0,0,3
BRDA:8,0,1,5
BRDA:15,1,0,5
BRDA:15,1,1,0
BRDA:17,2,0,5
BRDA:17,2,1,0
BRDA:18,3,0,5
BRDA:18,3,1,5
BRF:8
BRH:6
end_of_record
